{
  "stats": {
    "suites": 1,
    "tests": 4,
    "passes": 4,
    "pending": 0,
    "failures": 0,
    "start": "2023-10-15T19:43:38.261Z",
    "end": "2023-10-15T19:43:43.059Z",
    "duration": 4798,
    "testsRegistered": 4,
    "passPercent": 100,
    "pendingPercent": 0,
    "other": 0,
    "hasOther": false,
    "skipped": 0,
    "hasSkipped": false
  },
  "results": [
    {
      "uuid": "124e2365-58a0-456a-9de0-44546568eccd",
      "title": "",
      "fullFile": "cypress\\e2e\\calcul-tva-spec.js",
      "file": "cypress\\e2e\\calcul-tva-spec.js",
      "beforeHooks": [],
      "afterHooks": [],
      "tests": [],
      "suites": [
        {
          "uuid": "a4a1e2d6-f710-4242-a5f2-6613763646a6",
          "title": "Tests suite calcul TVA",
          "fullFile": "",
          "file": "",
          "beforeHooks": [],
          "afterHooks": [],
          "tests": [
            {
              "title": "Vérifier la page et la présence du calculatrice",
              "fullTitle": "Tests suite calcul TVA Vérifier la page et la présence du calculatrice",
              "timedOut": null,
              "duration": 130,
              "state": "passed",
              "speed": "fast",
              "pass": true,
              "fail": false,
              "pending": false,
              "context": null,
              "code": "//se connecter a l'application\ncy.visit('http://127.0.0.1:5500/index.html');\n//vérifie est ce que le titre existe dans la page\ncy.get('title').contains('TestE2E');\ncy.get('h1').should('be.visible').contains('Calcul TVA');",
              "err": {},
              "uuid": "55e9abd8-fa13-4f1b-9784-5e79c0104f5f",
              "parentUUID": "a4a1e2d6-f710-4242-a5f2-6613763646a6",
              "isHook": false,
              "skipped": false
            },
            {
              "title": "Tester le calcul dans le cas du montant <= 0",
              "fullTitle": "Tests suite calcul TVA Tester le calcul dans le cas du montant <= 0",
              "timedOut": null,
              "duration": 779,
              "state": "passed",
              "speed": "fast",
              "pass": true,
              "fail": false,
              "pending": false,
              "context": null,
              "code": "cy.visit('http://127.0.0.1:5500/index.html');\ncy.get('#montant').clear().type(0, {\n  force: true\n});\ncy.get('#tva').clear().type(20, {\n  force: true\n});\ncy.get('#btn_calculer').click();\ncy.get('#montant_ttc').should('have.text', 'Le montant doit être > 0');",
              "err": {},
              "uuid": "1b488569-c3db-4883-b833-64b00777bf96",
              "parentUUID": "a4a1e2d6-f710-4242-a5f2-6613763646a6",
              "isHook": false,
              "skipped": false
            },
            {
              "title": "Tester le calcul dans le cas du tva <= 0",
              "fullTitle": "Tests suite calcul TVA Tester le calcul dans le cas du tva <= 0",
              "timedOut": null,
              "duration": 732,
              "state": "passed",
              "speed": "fast",
              "pass": true,
              "fail": false,
              "pending": false,
              "context": null,
              "code": "cy.visit('http://127.0.0.1:5500/index.html');\ncy.get('#montant').clear().type(1000, {\n  force: true\n});\ncy.get('#tva').clear().type(0, {\n  force: true\n});\ncy.get('#btn_calculer').click();\ncy.get('#montant_ttc').should('have.text', 'Le montant de tva doit être > 0');",
              "err": {},
              "uuid": "4fb87edf-7807-4481-9a4a-b593d1df19f8",
              "parentUUID": "a4a1e2d6-f710-4242-a5f2-6613763646a6",
              "isHook": false,
              "skipped": false
            },
            {
              "title": "Tester le calcul le cas du montant tcc 40 en saisie 400€ et 20%",
              "fullTitle": "Tests suite calcul TVA Tester le calcul le cas du montant tcc 40 en saisie 400€ et 20%",
              "timedOut": null,
              "duration": 756,
              "state": "passed",
              "speed": "fast",
              "pass": true,
              "fail": false,
              "pending": false,
              "context": null,
              "code": "cy.visit('http://127.0.0.1:5500/index.html');\ncy.get('#montant').clear().type(200, {\n  force: true\n});\ncy.get('#tva').clear().type(20, {\n  force: true\n});\ncy.get('#btn_calculer').click();\ncy.get('#montant_ttc').should('have.text', 40);",
              "err": {},
              "uuid": "2b63252f-afac-4aa8-827f-8a28d9dddf4d",
              "parentUUID": "a4a1e2d6-f710-4242-a5f2-6613763646a6",
              "isHook": false,
              "skipped": false
            }
          ],
          "suites": [],
          "passes": [
            "55e9abd8-fa13-4f1b-9784-5e79c0104f5f",
            "1b488569-c3db-4883-b833-64b00777bf96",
            "4fb87edf-7807-4481-9a4a-b593d1df19f8",
            "2b63252f-afac-4aa8-827f-8a28d9dddf4d"
          ],
          "failures": [],
          "pending": [],
          "skipped": [],
          "duration": 2397,
          "root": false,
          "rootEmpty": false,
          "_timeout": 2000
        }
      ],
      "passes": [],
      "failures": [],
      "pending": [],
      "skipped": [],
      "duration": 0,
      "root": true,
      "rootEmpty": true,
      "_timeout": 2000
    }
  ],
  "meta": {
    "mocha": {
      "version": "7.0.1"
    },
    "mochawesome": {
      "options": {
        "quiet": false,
        "reportFilename": "mochawesome",
        "saveHtml": true,
        "saveJson": true,
        "consoleReporter": "spec",
        "useInlineDiffs": false,
        "code": true
      },
      "version": "7.1.3"
    },
    "marge": {
      "options": null,
      "version": "6.2.0"
    }
  }
}